<?xml version="1.0" encoding="utf-8"?><testsuites><testsuite name="pytest" errors="0" failures="0" skipped="0" tests="69" time="292.502" timestamp="2024-03-25T19:50:23.649289" hostname="Valt"><testcase classname="test.test_account_state" name="test_valid_account_state" time="1.218" /><testcase classname="test.test_account_state" name="test_unknown_account_state" time="0.041" /><testcase classname="test.test_account_state" name="test_expired_account_freezed_1" time="0.050" /><testcase classname="test.test_account_state" name="test_expired_account_freezed_2" time="0.057" /><testcase classname="test.test_account_state" name="test_expired_account_freezed_3" time="0.075" /><testcase classname="test.test_account_state" name="test_expired_account_freezed_4" time="0.062" /><testcase classname="test.test_account_state" name="test_new_account_to_be_checked" time="0.078" /><testcase classname="test.test_default_controller" name="test_valid_get_vm_id" time="31.107" /><testcase classname="test.test_default_controller" name="test_valid_valid_get_vm_id_with_unsecure" time="6.087" /><testcase classname="test.test_default_controller" name="test_false_token_get_vm_id" time="0.086" /><testcase classname="test.test_default_controller" name="test_foreign_get_vm_id" time="0.097" /><testcase classname="test.test_default_controller" name="test_admin_get_vm_id" time="1.896" /><testcase classname="test.test_default_controller" name="test_valid_create_vm" time="0.128" /><testcase classname="test.test_default_controller" name="test_create_vm_id_with_expired_account" time="0.223" /><testcase classname="test.test_default_controller" name="test_create_vm_without_arg" time="0.124" /><testcase classname="test.test_default_controller" name="test_create_vm_without_ressources" time="0.159" /><testcase classname="test.test_default_controller" name="test_create_vm_with_too_much_cpu" time="0.170" /><testcase classname="test.test_default_controller" name="test_create_vm_with_too_much_ram" time="0.124" /><testcase classname="test.test_default_controller" name="test_create_vm_with_too_much_storage" time="0.131" /><testcase classname="test.test_default_controller" name="test_create_vm_with_no_ressources_left" time="0.122" /><testcase classname="test.test_default_controller" name="test_valid_delete_vm_id" time="0.097" /><testcase classname="test.test_default_controller" name="test_false_token_delete_vm_id" time="0.086" /><testcase classname="test.test_default_controller" name="test_foreign_delete_vm_id" time="0.091" /><testcase classname="test.test_default_controller" name="test_admin_delete_vm_id" time="0.102" /><testcase classname="test.test_default_controller" name="test_valid_delete_vm_with_error_id" time="0.122" /><testcase classname="test.test_default_controller" name="test_false_token_delete_vm_with_error_id" time="0.088" /><testcase classname="test.test_default_controller" name="test_foreign_delete_vm_with_error_id" time="0.095" /><testcase classname="test.test_default_controller" name="test_admin_delete_vm_with_error_id" time="0.101" /><testcase classname="test.test_default_controller" name="test_valid_patch_vm_start" time="0.099" /><testcase classname="test.test_default_controller" name="test_valid_patch_vm_reboot" time="0.101" /><testcase classname="test.test_default_controller" name="test_valid_patch_vm_stop" time="0.100" /><testcase classname="test.test_default_controller" name="test_valid_patch_vm_switch_autoreboot" time="0.098" /><testcase classname="test.test_default_controller" name="test_valid_patch_vm_unknown_status" time="0.099" /><testcase classname="test.test_default_controller" name="test_foreign_patch_vm" time="0.094" /><testcase classname="test.test_default_controller" name="test_admin_patch_vm" time="0.099" /><testcase classname="test.test_default_controller" name="test_admin_transfer_ownership" time="0.106" /><testcase classname="test.test_default_controller" name="test_non_admin_transfer_ownership" time="0.112" /><testcase classname="test.test_default_controller" name="test_invalid_patch_vm" time="0.091" /><testcase classname="test.test_default_controller" name="test_valid_get_account_state" time="0.053" /><testcase classname="test.test_default_controller" name="test_invalid_get_account_state" time="0.054" /><testcase classname="test.test_default_controller" name="test_foreign_get_account_state" time="0.056" /><testcase classname="test.test_default_controller" name="test_admin_get_own_account_state" time="0.054" /><testcase classname="test.test_default_controller" name="test_admin_get_other_account_state" time="0.060" /><testcase classname="test.test_default_controller" name="test_valide_ressources_fetchdef" time="0.055" /><testcase classname="test.test_stop_expired_vm" name="test_stop_expired_vm" time="0.140" /><testcase classname="test.test_util" name="test_subscribe_to_hosting_ML" time="0.746" /><testcase classname="test.test_vm_creation_form" name="test_creation_for_new_user_10G" time="0.989" /><testcase classname="test.test_vm_creation_form" name="test_creation_for_new_user_20G" time="0.605" /><testcase classname="test.test_vm_creation_form" name="test_creation_for_new_user_30G" time="0.607" /><testcase classname="test.test_vm_creation_form" name="test_creation_for_new_user_incorrect_storage" time="0.120" /><testcase classname="test.test_vm_ownership_transfer" name="test_vm_ownership_transfer" time="0.187" /><testcase classname="test.test_vm_ownership_transfer" name="test_vm_ownership_transfer_to_new_user" time="0.151" /><testcase classname="test.test_vm_ownership_transfer" name="test_vm_ownership_to_nonexistent_user" time="0.109" /><testcase classname="test.test_vm_ownership_transfer" name="test_vm_ownership_to_full_user" time="0.096" /><testcase classname="test.integration.test_vm_life_10G" name="test_old_vm_deletion" time="0.241" /><testcase classname="test.integration.test_vm_life_10G" name="test_valid_vm_creation" time="41.558" /><testcase classname="test.integration.test_vm_life_10G" name="test_vm_start" time="20.198" /><testcase classname="test.integration.test_vm_life_10G" name="test_vm_stop" time="2.534" /><testcase classname="test.integration.test_vm_life_10G" name="test_vm_deletion" time="4.111" /><testcase classname="test.integration.test_vm_life_20G" name="test_old_vm_deletion" time="0.218" /><testcase classname="test.integration.test_vm_life_20G" name="test_valid_vm_creation" time="52.030" /><testcase classname="test.integration.test_vm_life_20G" name="test_vm_start" time="20.252" /><testcase classname="test.integration.test_vm_life_20G" name="test_vm_stop" time="2.836" /><testcase classname="test.integration.test_vm_life_20G" name="test_vm_deletion" time="6.763" /><testcase classname="test.integration.test_vm_life_30G" name="test_old_vm_deletion" time="0.212" /><testcase classname="test.integration.test_vm_life_30G" name="test_valid_vm_creation" time="64.103" /><testcase classname="test.integration.test_vm_life_30G" name="test_vm_start" time="20.236" /><testcase classname="test.integration.test_vm_life_30G" name="test_vm_stop" time="2.793" /><testcase classname="test.integration.test_vm_life_30G" name="test_vm_deletion" time="4.422" /></testsuite></testsuites>