<?xml version="1.0" encoding="utf-8"?><testsuites name="pytest tests"><testsuite name="pytest" errors="0" failures="0" skipped="0" tests="55" time="28.585" timestamp="2025-08-21T17:35:48.228354+00:00" hostname="82992a1e2e7c"><testcase classname="test.test_account_state" name="test_valid_account_state" time="1.250" /><testcase classname="test.test_account_state" name="test_unknown_account_state" time="0.114" /><testcase classname="test.test_account_state" name="test_expired_account_freezed_1" time="0.194" /><testcase classname="test.test_account_state" name="test_expired_account_freezed_2" time="0.206" /><testcase classname="test.test_account_state" name="test_expired_account_freezed_3" time="0.137" /><testcase classname="test.test_account_state" name="test_expired_account_freezed_4" time="0.078" /><testcase classname="test.test_account_state" name="test_new_account_to_be_checked" time="0.183" /><testcase classname="test.test_default_controller" name="test_valid_get_vm_id" time="1.879" /><testcase classname="test.test_default_controller" name="test_valid_valid_get_vm_id_with_unsecure" time="1.457" /><testcase classname="test.test_default_controller" name="test_false_token_get_vm_id" time="1.580" /><testcase classname="test.test_default_controller" name="test_foreign_get_vm_id" time="3.796" /><testcase classname="test.test_default_controller" name="test_admin_get_vm_id" time="1.459" /><testcase classname="test.test_default_controller" name="test_valid_create_vm" time="2.002" /><testcase classname="test.test_default_controller" name="test_create_vm_id_with_expired_account" time="2.323" /><testcase classname="test.test_default_controller" name="test_create_vm_without_arg" time="1.187" /><testcase classname="test.test_default_controller" name="test_create_vm_without_ressources" time="0.077" /><testcase classname="test.test_default_controller" name="test_create_vm_with_too_much_cpu" time="0.099" /><testcase classname="test.test_default_controller" name="test_create_vm_with_too_much_ram" time="0.059" /><testcase classname="test.test_default_controller" name="test_create_vm_with_too_much_storage" time="0.059" /><testcase classname="test.test_default_controller" name="test_create_vm_with_no_ressources_left" time="0.090" /><testcase classname="test.test_default_controller" name="test_valid_delete_vm_id" time="1.593" /><testcase classname="test.test_default_controller" name="test_false_token_delete_vm_id" time="1.813" /><testcase classname="test.test_default_controller" name="test_foreign_delete_vm_id" time="0.063" /><testcase classname="test.test_default_controller" name="test_admin_delete_vm_id" time="0.052" /><testcase classname="test.test_default_controller" name="test_valid_delete_vm_with_error_id" time="0.102" /><testcase classname="test.test_default_controller" name="test_false_token_delete_vm_with_error_id" time="0.045" /><testcase classname="test.test_default_controller" name="test_foreign_delete_vm_with_error_id" time="0.048" /><testcase classname="test.test_default_controller" name="test_admin_delete_vm_with_error_id" time="0.051" /><testcase classname="test.test_default_controller" name="test_valid_patch_vm_start" time="0.048" /><testcase classname="test.test_default_controller" name="test_valid_patch_vm_reboot" time="0.049" /><testcase classname="test.test_default_controller" name="test_valid_patch_vm_stop" time="0.082" /><testcase classname="test.test_default_controller" name="test_valid_patch_vm_switch_autoreboot" time="0.046" /><testcase classname="test.test_default_controller" name="test_valid_patch_vm_unknown_status" time="0.052" /><testcase classname="test.test_default_controller" name="test_foreign_patch_vm" time="0.048" /><testcase classname="test.test_default_controller" name="test_admin_patch_vm" time="0.057" /><testcase classname="test.test_default_controller" name="test_admin_transfer_ownership" time="0.045" /><testcase classname="test.test_default_controller" name="test_non_admin_transfer_ownership" time="0.050" /><testcase classname="test.test_default_controller" name="test_invalid_patch_vm" time="0.068" /><testcase classname="test.test_default_controller" name="test_valid_get_account_state" time="0.033" /><testcase classname="test.test_default_controller" name="test_invalid_get_account_state" time="0.031" /><testcase classname="test.test_default_controller" name="test_foreign_get_account_state" time="0.028" /><testcase classname="test.test_default_controller" name="test_admin_get_own_account_state" time="0.028" /><testcase classname="test.test_default_controller" name="test_admin_get_other_account_state" time="0.037" /><testcase classname="test.test_default_controller" name="test_list_freezed_account" time="0.357" /><testcase classname="test.test_default_controller" name="test_valide_ressources_fetchdef" time="0.081" /><testcase classname="test.test_stop_expired_vm" name="test_stop_expired_vm" time="0.081" /><testcase classname="test.test_util" name="test_subscribe_to_hosting_ML" time="0.006" /><testcase classname="test.test_vm_creation_form" name="test_creation_for_new_user_10G" time="0.719" /><testcase classname="test.test_vm_creation_form" name="test_creation_for_new_user_20G" time="0.422" /><testcase classname="test.test_vm_creation_form" name="test_creation_for_new_user_30G" time="0.387" /><testcase classname="test.test_vm_creation_form" name="test_creation_for_new_user_incorrect_storage" time="0.266" /><testcase classname="test.test_vm_ownership_transfer" name="test_vm_ownership_transfer" time="0.351" /><testcase classname="test.test_vm_ownership_transfer" name="test_vm_ownership_transfer_to_new_user" time="0.632" /><testcase classname="test.test_vm_ownership_transfer" name="test_vm_ownership_to_nonexistent_user" time="0.353" /><testcase classname="test.test_vm_ownership_transfer" name="test_vm_ownership_to_full_user" time="0.779" /></testsuite></testsuites>